<?xml version="1.0" encoding="UTF-8"?>
<!-- Generated by org.testng.reporters.JUnitReportReporter -->
<testsuite hostname="LAKESH-LAPTOP" failures="0" tests="2" name="scraper.testcases.TestCases" time="37.068" errors="0" timestamp="2025-06-11T11:41:32 IST" skipped="0">
  <testcase classname="scraper.testcases.TestCases" name="testCase02" time="19.965"/>
  <system-out/>
  <testcase classname="scraper.testcases.TestCases" name="testCase01" time="17.103"/>
  <system-out/>
</testsuite> <!-- scraper.testcases.TestCases -->
