<?xml version="1.0" encoding="UTF-8"?>
<!-- Generated by org.testng.reporters.JUnitReportReporter -->
<testsuite hostname="LAKESH-LAPTOP" failures="0" tests="2" name="scraper.testcases.TestCases" time="34.677" errors="0" timestamp="2025-06-10T17:53:19 IST" skipped="0">
  <testcase classname="scraper.testcases.TestCases" name="testCase01" time="13.062"/>
  <system-out/>
  <testcase classname="scraper.testcases.TestCases" name="testCase02" time="21.615"/>
  <system-out/>
</testsuite> <!-- scraper.testcases.TestCases -->
